[1130/182348.136:ERROR:backend_impl.cc(1041)] Critical error found -8
[1130/182348.660:WARNING:storage_block-inl.h(146)] Failed data load.
[1130/182501.264:WARNING:angle_platform_impl.cc(48)] HLSLCompiler.cpp:257 (compileToBinary): 
C:\fakepath(102,1-6): warning X4000: use of potentially uninitialized variable (dyn_index_vec4_float4)

[1130/182501.356:WARNING:angle_platform_impl.cc(48)] HLSLCompiler.cpp:257 (compileToBinary): 
C:\fakepath(135,1): warning X4000: use of potentially uninitialized variable (f_i)
C:\fakepath(137,1): warning X4000: use of potentially uninitialized variable (f_i)
C:\fakepath(173,1): warning X4000: use of potentially uninitialized variable (f_u)

[1130/182501.497:WARNING:angle_platform_impl.cc(48)] HLSLCompiler.cpp:257 (compileToBinary): 
C:\fakepath(165,1): warning X4000: use of potentially uninitialized variable (f_renderMipMapLevel)

[1130/182501.690:ERROR:gl_utils.cc(314)] [.WebGL-0000005422168880] GL_INVALID_OPERATION: Two textures of different types use the same sampler location.
[1130/182501.690:ERROR:gl_utils.cc(314)] [.WebGL-0000005422168880] GL_INVALID_OPERATION: Two textures of different types use the same sampler location.
[1130/182501.690:ERROR:gl_utils.cc(314)] [.WebGL-0000005422168880] GL_INVALID_OPERATION: Two textures of different types use the same sampler location.
[1130/182501.690:ERROR:gl_utils.cc(314)] [.WebGL-0000005422168880] GL_INVALID_OPERATION: Two textures of different types use the same sampler location.
[1130/182501.690:ERROR:gl_utils.cc(314)] [.WebGL-0000005422168880] GL_INVALID_OPERATION: Two textures of different types use the same sampler location.
[1130/182501.690:ERROR:gl_utils.cc(314)] [.WebGL-0000005422168880] GL_INVALID_OPERATION: Two textures of different types use the same sampler location.
[1130/182501.690:ERROR:gl_utils.cc(314)] [.WebGL-0000005422168880] GL_INVALID_OPERATION: Two textures of different types use the same sampler location.
[1130/182501.690:ERROR:gl_utils.cc(314)] [.WebGL-0000005422168880] GL_INVALID_OPERATION: Two textures of different types use the same sampler location.
[1130/182501.690:ERROR:gl_utils.cc(314)] [.WebGL-0000005422168880] GL_INVALID_OPERATION: Two textures of different types use the same sampler location.
[1130/182501.705:ERROR:gl_utils.cc(314)] [.WebGL-0000005422168880] GL_INVALID_OPERATION: Two textures of different types use the same sampler location.
[1130/182501.705:ERROR:gl_utils.cc(314)] [.WebGL-0000005422168880] GL_INVALID_OPERATION: Two textures of different types use the same sampler location.
[1130/182501.705:ERROR:gl_utils.cc(314)] [.WebGL-0000005422168880] GL_INVALID_OPERATION: Two textures of different types use the same sampler location.
[1130/182501.705:ERROR:gl_utils.cc(314)] [.WebGL-0000005422168880] GL_INVALID_OPERATION: Two textures of different types use the same sampler location.
[1130/182501.705:ERROR:gl_utils.cc(314)] [.WebGL-0000005422168880] GL_INVALID_OPERATION: Two textures of different types use the same sampler location.
[1130/182501.705:ERROR:gl_utils.cc(314)] [.WebGL-0000005422168880] GL_INVALID_OPERATION: Two textures of different types use the same sampler location.
[1130/182501.705:ERROR:gl_utils.cc(314)] [.WebGL-0000005422168880] GL_INVALID_OPERATION: Two textures of different types use the same sampler location.
[1130/182501.705:ERROR:gl_utils.cc(314)] [.WebGL-0000005422168880] GL_INVALID_OPERATION: Two textures of different types use the same sampler location.
[1130/182501.705:ERROR:gl_utils.cc(314)] [.WebGL-0000005422168880] GL_INVALID_OPERATION: Two textures of different types use the same sampler location.
[1130/182547.692:ERROR:gpu_init.cc(426)] Passthrough is not supported, GL is disabled
[1130/183106.242:WARNING:angle_platform_impl.cc(48)] HLSLCompiler.cpp:257 (compileToBinary): 
C:\fakepath(102,1-6): warning X4000: use of potentially uninitialized variable (dyn_index_vec4_float4)

[1130/183106.328:WARNING:angle_platform_impl.cc(48)] HLSLCompiler.cpp:257 (compileToBinary): 
C:\fakepath(135,1): warning X4000: use of potentially uninitialized variable (f_i)
C:\fakepath(137,1): warning X4000: use of potentially uninitialized variable (f_i)
C:\fakepath(173,1): warning X4000: use of potentially uninitialized variable (f_u)

[1130/183106.508:WARNING:angle_platform_impl.cc(48)] HLSLCompiler.cpp:257 (compileToBinary): 
C:\fakepath(165,1): warning X4000: use of potentially uninitialized variable (f_renderMipMapLevel)

[1130/183106.510:WARNING:angle_platform_impl.cc(48)] HLSLCompiler.cpp:257 (compileToBinary): 
C:\fakepath(165,1): warning X4000: use of potentially uninitialized variable (f_renderMipMapLevel)

[1130/183106.537:WARNING:angle_platform_impl.cc(48)] HLSLCompiler.cpp:257 (compileToBinary): 
C:\fakepath(165,1): warning X4000: use of potentially uninitialized variable (f_renderMipMapLevel)

[1130/183106.787:ERROR:gl_utils.cc(314)] [.WebGL-00000054224CED80] GL_INVALID_OPERATION: Two textures of different types use the same sampler location.
[1130/183106.794:ERROR:gl_utils.cc(314)] [.WebGL-00000054224CED80] GL_INVALID_OPERATION: Two textures of different types use the same sampler location.
[1130/183324.427:WARNING:angle_platform_impl.cc(48)] HLSLCompiler.cpp:257 (compileToBinary): 
C:\fakepath(102,1-6): warning X4000: use of potentially uninitialized variable (dyn_index_vec4_float4)

[1130/183324.519:WARNING:angle_platform_impl.cc(48)] HLSLCompiler.cpp:257 (compileToBinary): 
C:\fakepath(135,1): warning X4000: use of potentially uninitialized variable (f_i)
C:\fakepath(137,1): warning X4000: use of potentially uninitialized variable (f_i)
C:\fakepath(173,1): warning X4000: use of potentially uninitialized variable (f_u)

[1130/215301.651:WARNING:dns_config_service_win.cc(712)] Failed to read DnsConfig.
[1130/215301.651:WARNING:dns_config_service_win.cc(712)] Failed to read DnsConfig.
[1130/215302.019:WARNING:dns_config_service_win.cc(712)] Failed to read DnsConfig.
[1130/215302.055:WARNING:dns_config_service_win.cc(712)] Failed to read DnsConfig.
[1130/215302.056:WARNING:dns_config_service_win.cc(712)] Failed to read DnsConfig.
