[0322/135240.045:ERROR:gpu_init.cc(426)] Passthrough is not supported, GL is disabled
[0322/141244.969:WARNING:angle_platform_impl.cc(48)] HLSLCompiler.cpp:257 (compileToBinary): 
C:\fakepath(102,1-6): warning X4000: use of potentially uninitialized variable (dyn_index_vec4_float4)

[0322/141245.067:WARNING:angle_platform_impl.cc(48)] HLSLCompiler.cpp:257 (compileToBinary): 
C:\fakepath(135,1): warning X4000: use of potentially uninitialized variable (f_i)
C:\fakepath(137,1): warning X4000: use of potentially uninitialized variable (f_i)
C:\fakepath(173,1): warning X4000: use of potentially uninitialized variable (f_u)

[0322/141451.168:WARNING:angle_platform_impl.cc(48)] HLSLCompiler.cpp:257 (compileToBinary): 
C:\fakepath(102,1-6): warning X4000: use of potentially uninitialized variable (dyn_index_vec4_float4)

[0322/141451.248:WARNING:angle_platform_impl.cc(48)] HLSLCompiler.cpp:257 (compileToBinary): 
C:\fakepath(135,1): warning X4000: use of potentially uninitialized variable (f_i)
C:\fakepath(137,1): warning X4000: use of potentially uninitialized variable (f_i)
C:\fakepath(173,1): warning X4000: use of potentially uninitialized variable (f_u)

[0322/141451.536:WARNING:angle_platform_impl.cc(48)] HLSLCompiler.cpp:257 (compileToBinary): 
C:\fakepath(165,1): warning X4000: use of potentially uninitialized variable (f_renderMipMapLevel)

[0322/141451.691:ERROR:gl_utils.cc(314)] [.WebGL-000001BE0D34B400] GL_INVALID_OPERATION: Two textures of different types use the same sampler location.
[0322/141451.701:ERROR:gl_utils.cc(314)] [.WebGL-000001BE0D34B400] GL_INVALID_OPERATION: Two textures of different types use the same sampler location.
[0322/142003.212:WARNING:angle_platform_impl.cc(48)] HLSLCompiler.cpp:257 (compileToBinary): 
C:\fakepath(102,1-6): warning X4000: use of potentially uninitialized variable (dyn_index_vec4_float4)

[0322/142003.281:WARNING:angle_platform_impl.cc(48)] HLSLCompiler.cpp:257 (compileToBinary): 
C:\fakepath(135,1): warning X4000: use of potentially uninitialized variable (f_i)
C:\fakepath(137,1): warning X4000: use of potentially uninitialized variable (f_i)
C:\fakepath(173,1): warning X4000: use of potentially uninitialized variable (f_u)

[0322/142003.738:WARNING:angle_platform_impl.cc(48)] HLSLCompiler.cpp:257 (compileToBinary): 
C:\fakepath(165,1): warning X4000: use of potentially uninitialized variable (f_renderMipMapLevel)

[0322/142022.046:WARNING:angle_platform_impl.cc(48)] HLSLCompiler.cpp:257 (compileToBinary): 
C:\fakepath(102,1-6): warning X4000: use of potentially uninitialized variable (dyn_index_vec4_float4)

[0322/142022.169:WARNING:angle_platform_impl.cc(48)] HLSLCompiler.cpp:257 (compileToBinary): 
C:\fakepath(135,1): warning X4000: use of potentially uninitialized variable (f_i)
C:\fakepath(137,1): warning X4000: use of potentially uninitialized variable (f_i)
C:\fakepath(173,1): warning X4000: use of potentially uninitialized variable (f_u)

[0322/142022.446:WARNING:angle_platform_impl.cc(48)] HLSLCompiler.cpp:257 (compileToBinary): 
C:\fakepath(165,1): warning X4000: use of potentially uninitialized variable (f_renderMipMapLevel)

[0322/142022.507:WARNING:angle_platform_impl.cc(48)] HLSLCompiler.cpp:257 (compileToBinary): 
C:\fakepath(381,10-38): warning X4008: floating point division by zero
C:\fakepath(381,10-38): warning X4008: floating point division by zero

[0322/142022.678:ERROR:gl_utils.cc(314)] [.WebGL-000001BE0D34D480] GL_INVALID_OPERATION: Two textures of different types use the same sampler location.
[0322/142022.752:ERROR:gl_utils.cc(314)] [.WebGL-000001BE0D34D480] GL_INVALID_OPERATION: Two textures of different types use the same sampler location.
[0322/164134.591:WARNING:dns_config_service_win.cc(712)] Failed to read DnsConfig.
[0322/164134.603:WARNING:dns_config_service_win.cc(712)] Failed to read DnsConfig.
[0322/164134.958:WARNING:dns_config_service_win.cc(712)] Failed to read DnsConfig.
[0322/164134.993:WARNING:dns_config_service_win.cc(712)] Failed to read DnsConfig.
[0322/164135.004:WARNING:dns_config_service_win.cc(712)] Failed to read DnsConfig.
[0322/164135.018:WARNING:dns_config_service_win.cc(712)] Failed to read DnsConfig.
[0322/164135.039:WARNING:dns_config_service_win.cc(712)] Failed to read DnsConfig.
[0322/164135.041:WARNING:dns_config_service_win.cc(712)] Failed to read DnsConfig.
